<?xml version="1.0" encoding="UTF-8"?>
<!-- Generated by org.testng.reporters.JUnitReportReporter -->
<testsuite hostname="MoayedBadawy" failures="0" tests="1" name="api.ApiTests" time="1.604" errors="0" timestamp="2025-03-16T06:41:23 EET" skipped="0">
  <testcase classname="api.ApiTests" name="createUser" time="1.604"/>
</testsuite> <!-- api.ApiTests -->
